[debug] [2022-03-06T09:47:51.236Z] ----------------------------------------------------------------------
[debug] [2022-03-06T09:47:51.238Z] Command:       C:\Program Files\nodejs\node.exe C:\Users\LockPick\AppData\Roaming\npm\node_modules\firebase-tools\lib\bin\firebase.js init
[debug] [2022-03-06T09:47:51.239Z] CLI Version:   10.2.2
[debug] [2022-03-06T09:47:51.239Z] Platform:      win32
[debug] [2022-03-06T09:47:51.239Z] Node Version:  v14.7.0
[debug] [2022-03-06T09:47:51.241Z] Time:          Sun Mar 06 2022 18:47:51 GMT+0900 (대한민국 표준시)
[debug] [2022-03-06T09:47:51.241Z] ----------------------------------------------------------------------
[debug] 
[debug] [2022-03-06T09:47:51.253Z] > command requires scopes: ["email","openid","https://www.googleapis.com/auth/cloudplatformprojects.readonly","https://www.googleapis.com/auth/firebase","https://www.googleapis.com/auth/cloud-platform"]
[debug] [2022-03-06T09:47:51.254Z] > authorizing via signed-in user (leekus1006@gmail.com)
[info] 
     ######## #### ########  ######## ########     ###     ######  ########
     ##        ##  ##     ## ##       ##     ##  ##   ##  ##       ##
     ######    ##  ########  ######   ########  #########  ######  ######
     ##        ##  ##    ##  ##       ##     ## ##     ##       ## ##
     ##       #### ##     ## ######## ########  ##     ##  ######  ########

You're about to initialize a Firebase project in this directory:

  F:\GD_STORE\gd-store

[info] 
=== Project Setup
[info] 
[info] First, let's associate this project directory with a Firebase project.
[info] You can create multiple project aliases by running firebase use --add, 
[info] but for now we'll just set up a default project.
[info] 
[debug] [2022-03-06T09:48:02.108Z] >>> [apiv2][query] GET https://firebase.googleapis.com/v1beta1/projects pageSize=100
[debug] [2022-03-06T09:48:02.804Z] <<< [apiv2][status] GET https://firebase.googleapis.com/v1beta1/projects 200
[debug] [2022-03-06T09:48:02.804Z] <<< [apiv2][body] GET https://firebase.googleapis.com/v1beta1/projects [omitted]
[info] i  Using project gd-store-20a3a (GD-Store) 
[info] 
=== Hosting Setup
[info] 
[info] Your public directory is the folder (relative to your project directory) that
[info] will contain Hosting assets to be uploaded with firebase deploy. If you
[info] have a build process for your assets, use your build's output directory.
[info] 
